{
  "RSpec": {
    "coverage": {
      "/home/sayed/study_materials/testing/project/noota/spec/controllers/notebooks_spec.rb": [
        null,
        1,
        null,
        1,
        1,
        3,
        null,
        1,
        2,
        null,
        1,
        1,
        null,
        1,
        1,
        null,
        null,
        null,
        1,
        1,
        1,
        1,
        1,
        1,
        null,
        null,
        1,
        1,
        null,
        null,
        1,
        1,
        null,
        1,
        1,
        null,
        null,
        null,
        null,
        1,
        3,
        4,
        null,
        1,
        2,
        null,
        1,
        1,
        null,
        1,
        1,
        null,
        null,
        null,
        1,
        1,
        2,
        2,
        null,
        null,
        1,
        2,
        2,
        null,
        1,
        1,
        null,
        1,
        1,
        null,
        null,
        null,
        1,
        2,
        null,
        1,
        1,
        null,
        1,
        1,
        null,
        null,
        null,
        null,
        null,
        1,
        11,
        null,
        8,
        8,
        1,
        10,
        null,
        null,
        null,
        null,
        null,
        null,
        null,
        1,
        1,
        4,
        null,
        1,
        1,
        null,
        1,
        1,
        null,
        null,
        1,
        4,
        null,
        null,
        1,
        1,
        null,
        1,
        null,
        null,
        null,
        1,
        1,
        3,
        3,
        null,
        null,
        4,
        4,
        null,
        4,
        null,
        1,
        1,
        null,
        1,
        1,
        null,
        null,
        1,
        4,
        null,
        null,
        1,
        1,
        null,
        1,
        null,
        null,
        null,
        null,
        1,
        1,
        1,
        2,
        null,
        null,
        3,
        null,
        1,
        1,
        null,
        1,
        1,
        null,
        null,
        1,
        4,
        null,
        null,
        null,
        1,
        1,
        2,
        2,
        null,
        2,
        null,
        null,
        3,
        null,
        1,
        1,
        null,
        1,
        1,
        null,
        null,
        1,
        4,
        null,
        null,
        null,
        null,
        null,
        1,
        5,
        7,
        null,
        1,
        2,
        null,
        1,
        1,
        null,
        1,
        1,
        null,
        null,
        null,
        1,
        1,
        5,
        5,
        null,
        null,
        1,
        3,
        3,
        null,
        1,
        1,
        null,
        1,
        1,
        null,
        null,
        1,
        4,
        null,
        null,
        null,
        1,
        4,
        null,
        1,
        1,
        null,
        1,
        1,
        null,
        null,
        1,
        4,
        null,
        null,
        1,
        1,
        null,
        2,
        null,
        null,
        null,
        null,
        null
      ],
      "/home/sayed/study_materials/testing/project/noota/spec/rails_helper.rb": [
        null,
        1,
        1,
        null,
        1,
        null,
        null,
        1,
        1,
        null,
        null,
        null,
        null,
        null,
        null,
        null,
        null,
        null,
        null,
        null,
        null,
        null,
        null,
        null,
        null,
        null,
        null,
        null,
        1,
        1,
        null,
        0,
        0,
        null,
        1,
        null,
        1,
        null,
        null,
        null,
        null,
        1,
        null,
        null,
        null,
        null,
        null,
        null,
        null,
        null,
        null,
        null,
        null,
        null,
        null,
        null,
        1,
        null,
        null,
        1,
        null,
        null,
        null
      ],
      "/home/sayed/study_materials/testing/project/noota/config/environment.rb": [
        null,
        null,
        null,
        1,
        null,
        null,
        1
      ],
      "/home/sayed/study_materials/testing/project/noota/config/application.rb": [
        null,
        null,
        1,
        null,
        1,
        null,
        null,
        null,
        1,
        null,
        1,
        1,
        null,
        1,
        null,
        null,
        null,
        null,
        null,
        null,
        null
      ],
      "/home/sayed/study_materials/testing/project/noota/config/boot.rb": [
        null,
        null,
        1,
        null,
        1,
        1
      ],
      "/home/sayed/study_materials/testing/project/noota/config/environments/test.rb": [
        null,
        null,
        1,
        null,
        null,
        null,
        null,
        null,
        null,
        1,
        null,
        null,
        null,
        null,
        1,
        null,
        null,
        1,
        1,
        null,
        null,
        null,
        null,
        1,
        1,
        null,
        null,
        1,
        null,
        null,
        1,
        null,
        null,
        1,
        null,
        1,
        null,
        null,
        null,
        null,
        1,
        null,
        null,
        1,
        null,
        null,
        null,
        null
      ],
      "/home/sayed/study_materials/testing/project/noota/config/initializers/application_controller_renderer.rb": [
        null,
        null,
        null,
        null,
        null,
        null,
        null,
        null,
        null
      ],
      "/home/sayed/study_materials/testing/project/noota/config/initializers/assets.rb": [
        null,
        null,
        null,
        null,
        null,
        1,
        null,
        null,
        null,
        null,
        1,
        null,
        null,
        null,
        null,
        null
      ],
      "/home/sayed/study_materials/testing/project/noota/config/initializers/backtrace_silencers.rb": [
        null,
        null,
        null,
        null,
        null,
        null,
        null,
        null
      ],
      "/home/sayed/study_materials/testing/project/noota/config/initializers/content_security_policy.rb": [
        null,
        null,
        null,
        null,
        null,
        null,
        null,
        null,
        null,
        null,
        null,
        null,
        null,
        null,
        null,
        null,
        null,
        null,
        null,
        null,
        null,
        null,
        null,
        null,
        null,
        null
      ],
      "/home/sayed/study_materials/testing/project/noota/config/initializers/cookies_serializer.rb": [
        null,
        null,
        null,
        null,
        null,
        null,
        1
      ],
      "/home/sayed/study_materials/testing/project/noota/config/initializers/devise.rb": [
        null,
        null,
        null,
        null,
        1,
        null,
        null,
        null,
        null,
        null,
        null,
        null,
        null,
        null,
        null,
        null,
        null,
        null,
        null,
        null,
        1,
        null,
        null,
        null,
        null,
        null,
        null,
        null,
        null,
        null,
        null,
        null,
        1,
        null,
        null,
        null,
        null,
        null,
        null,
        null,
        null,
        null,
        null,
        null,
        null,
        null,
        null,
        null,
        null,
        null,
        null,
        null,
        null,
        null,
        1,
        null,
        null,
        null,
        null,
        1,
        null,
        null,
        null,
        null,
        null,
        null,
        null,
        null,
        null,
        null,
        null,
        null,
        null,
        null,
        null,
        null,
        null,
        null,
        null,
        null,
        null,
        null,
        null,
        null,
        null,
        null,
        null,
        null,
        null,
        null,
        1,
        null,
        null,
        null,
        null,
        null,
        null,
        null,
        null,
        null,
        null,
        null,
        null,
        null,
        null,
        null,
        null,
        null,
        null,
        null,
        null,
        null,
        null,
        1,
        null,
        null,
        null,
        null,
        null,
        null,
        null,
        null,
        null,
        null,
        null,
        null,
        null,
        null,
        null,
        null,
        null,
        null,
        null,
        null,
        null,
        null,
        null,
        null,
        null,
        null,
        null,
        null,
        null,
        null,
        null,
        null,
        null,
        1,
        null,
        null,
        null,
        null,
        null,
        null,
        null,
        null,
        null,
        1,
        null,
        null,
        null,
        null,
        null,
        null,
        null,
        null,
        null,
        null,
        1,
        null,
        null,
        null,
        null,
        1,
        null,
        null,
        null,
        null,
        null,
        null,
        null,
        null,
        null,
        null,
        null,
        null,
        null,
        null,
        null,
        null,
        null,
        null,
        null,
        null,
        null,
        null,
        null,
        null,
        null,
        null,
        null,
        null,
        null,
        null,
        null,
        null,
        null,
        null,
        null,
        null,
        null,
        null,
        null,
        null,
        1,
        null,
        null,
        null,
        null,
        null,
        null,
        null,
        null,
        null,
        null,
        null,
        null,
        null,
        null,
        null,
        null,
        null,
        null,
        null,
        null,
        null,
        null,
        null,
        null,
        null,
        null,
        null,
        null,
        null,
        null,
        null,
        null,
        null,
        null,
        null,
        null,
        null,
        null,
        null,
        null,
        null,
        1,
        null,
        null,
        null,
        null,
        null,
        null,
        null,
        null,
        null,
        null,
        null,
        null,
        null,
        null,
        null,
        null,
        null,
        null,
        null,
        null,
        null,
        null,
        null,
        null,
        null,
        null,
        null,
        null,
        null,
        null,
        null,
        null,
        null,
        null,
        null,
        null,
        null,
        null,
        null,
        null,
        null,
        null
      ],
      "/home/sayed/study_materials/testing/project/noota/config/initializers/filter_parameter_logging.rb": [
        null,
        null,
        null,
        null,
        null,
        1
      ],
      "/home/sayed/study_materials/testing/project/noota/config/initializers/inflections.rb": [
        null,
        null,
        null,
        null,
        null,
        null,
        null,
        null,
        null,
        null,
        null,
        null,
        null,
        null,
        null,
        null,
        null
      ],
      "/home/sayed/study_materials/testing/project/noota/config/initializers/mime_types.rb": [
        null,
        null,
        null,
        null,
        null
      ],
      "/home/sayed/study_materials/testing/project/noota/config/initializers/wrap_parameters.rb": [
        null,
        null,
        null,
        null,
        null,
        null,
        null,
        null,
        1,
        2,
        null,
        null,
        null,
        null,
        null,
        null
      ],
      "/home/sayed/study_materials/testing/project/noota/config/routes.rb": [
        null,
        null,
        1,
        1,
        1,
        1,
        1,
        null,
        1,
        1,
        1,
        1,
        1,
        null
      ],
      "/home/sayed/study_materials/testing/project/noota/app/helpers/application_helper.rb": [
        null,
        null,
        1,
        null
      ],
      "/home/sayed/study_materials/testing/project/noota/app/helpers/notebooks_helper.rb": [
        1,
        null
      ],
      "/home/sayed/study_materials/testing/project/noota/app/helpers/notes_helper.rb": [
        1,
        null
      ],
      "/home/sayed/study_materials/testing/project/noota/app/controllers/notebooks_controller.rb": [
        null,
        null,
        1,
        1,
        null,
        1,
        2,
        null,
        2,
        4,
        null,
        null,
        2,
        null,
        null,
        1,
        3,
        null,
        1,
        null,
        null,
        1,
        10,
        null,
        6,
        null,
        null,
        1,
        6,
        null,
        3,
        null,
        null,
        1,
        null,
        1,
        11,
        null,
        null,
        null,
        null,
        null,
        null
      ],
      "/home/sayed/study_materials/testing/project/noota/app/controllers/application_controller.rb": [
        null,
        null,
        1,
        1,
        null,
        1,
        14,
        null,
        null,
        1,
        null,
        4,
        null,
        null,
        null,
        null,
        1,
        2,
        null,
        null
      ],
      "/home/sayed/study_materials/testing/project/noota/app/controllers/concerns/notebook_params.rb": [
        null,
        null,
        1,
        null,
        1,
        1,
        null,
        1,
        10,
        10,
        null,
        10,
        null,
        null
      ],
      "/home/sayed/study_materials/testing/project/noota/spec/controllers/notes_spec.rb": [
        null,
        null,
        1,
        1,
        null,
        1,
        1,
        4,
        4,
        null,
        1,
        2,
        null,
        1,
        1,
        null,
        1,
        1,
        null,
        null,
        null,
        1,
        3,
        3,
        null,
        1,
        2,
        null,
        1,
        1,
        null,
        1,
        1,
        null,
        null,
        null,
        1,
        1,
        1,
        1,
        1,
        1,
        null,
        null,
        1,
        1,
        null,
        null,
        1,
        1,
        null,
        1,
        1,
        null,
        null,
        null,
        null,
        null,
        1,
        5,
        4,
        5,
        null,
        1,
        2,
        null,
        1,
        1,
        null,
        1,
        1,
        null,
        null,
        null,
        1,
        4,
        4,
        null,
        1,
        2,
        null,
        1,
        1,
        null,
        1,
        1,
        null,
        null,
        null,
        1,
        1,
        2,
        2,
        2,
        2,
        null,
        null,
        1,
        2,
        2,
        null,
        1,
        1,
        null,
        1,
        1,
        null,
        null,
        null,
        1,
        2,
        null,
        1,
        1,
        null,
        1,
        1,
        null,
        null,
        null,
        null,
        null,
        null,
        1,
        7,
        7,
        null,
        7,
        7,
        7,
        1,
        6,
        null,
        null,
        null,
        null,
        null,
        null,
        null,
        null,
        1,
        null,
        null,
        null,
        null,
        null,
        null,
        null,
        6,
        null,
        null,
        1,
        2,
        null,
        1,
        1,
        null,
        1,
        1,
        null,
        null,
        null,
        1,
        6,
        6,
        null,
        1,
        4,
        null,
        1,
        1,
        null,
        1,
        1,
        null,
        null,
        1,
        2,
        null,
        null,
        null,
        null,
        1,
        1,
        null,
        1,
        null,
        null,
        null,
        null,
        null,
        null,
        1,
        null,
        null,
        null,
        null,
        null,
        null,
        1,
        1,
        1,
        1,
        null,
        null,
        2,
        null,
        1,
        1,
        null,
        1,
        1,
        null,
        null,
        null,
        1,
        1,
        1,
        null,
        null,
        2,
        null,
        1,
        1,
        null,
        1,
        1,
        null,
        null,
        null,
        null,
        null,
        null,
        1,
        7,
        5,
        7,
        null,
        1,
        2,
        null,
        1,
        1,
        null,
        1,
        1,
        null,
        null,
        null,
        1,
        1,
        5,
        5,
        null,
        5,
        5,
        5,
        5,
        null,
        null,
        1,
        3,
        3,
        null,
        1,
        1,
        null,
        1,
        1,
        null,
        null,
        1,
        4,
        null,
        null,
        null,
        1,
        4,
        null,
        1,
        1,
        null,
        1,
        1,
        null,
        null,
        1,
        4,
        null,
        null,
        1,
        1,
        null,
        2,
        null,
        null,
        null,
        null,
        null,
        1,
        5,
        5,
        null,
        1,
        2,
        null,
        1,
        1,
        null,
        1,
        1,
        null,
        null,
        null,
        1,
        1,
        3,
        3,
        null,
        null,
        4,
        null,
        1,
        1,
        null,
        1,
        1,
        null,
        null,
        1,
        2,
        null,
        null,
        null,
        null,
        1,
        1,
        null,
        1,
        null,
        null,
        null,
        1,
        null,
        null,
        null,
        null,
        null,
        null,
        null
      ],
      "/home/sayed/study_materials/testing/project/noota/app/controllers/notes_controller.rb": [
        null,
        null,
        1,
        1,
        null,
        1,
        null,
        1,
        2,
        null,
        2,
        2,
        null,
        null,
        2,
        null,
        null,
        1,
        3,
        null,
        1,
        null,
        null,
        1,
        5,
        null,
        3,
        null,
        null,
        1,
        5,
        null,
        3,
        null,
        null,
        1,
        3,
        null,
        3,
        null,
        null,
        1,
        null,
        1,
        23,
        null,
        null,
        1,
        3,
        null,
        null,
        null,
        null,
        null,
        null,
        null
      ],
      "/home/sayed/study_materials/testing/project/noota/app/controllers/concerns/note_params.rb": [
        null,
        null,
        1,
        null,
        1,
        1,
        null,
        1,
        5,
        5,
        null,
        5,
        5,
        5,
        null,
        5,
        null,
        3,
        null,
        null,
        1,
        5,
        4,
        null,
        null,
        1,
        9,
        null,
        2,
        null,
        null,
        1,
        3,
        3,
        null,
        3,
        null,
        null
      ],
      "/home/sayed/study_materials/testing/project/noota/app/models/notebook.rb": [
        null,
        null,
        1,
        1,
        null,
        1,
        null
      ],
      "/home/sayed/study_materials/testing/project/noota/app/models/application_record.rb": [
        null,
        null,
        1,
        1,
        null
      ],
      "/home/sayed/study_materials/testing/project/noota/app/models/note.rb": [
        null,
        null,
        1,
        1,
        null,
        1,
        null
      ],
      "/home/sayed/study_materials/testing/project/noota/app/workers/notes_creator.rb": [
        null,
        null,
        null,
        1,
        1,
        null,
        1,
        null,
        1,
        null,
        1,
        0,
        null,
        0,
        null,
        null,
        1,
        0,
        null,
        null,
        null,
        null,
        null,
        null,
        null
      ],
      "/home/sayed/study_materials/testing/project/noota/app/lib/geolocator.rb": [
        null,
        null,
        null,
        1,
        1,
        5,
        null,
        5,
        5,
        null,
        5,
        null,
        null
      ],
      "/home/sayed/study_materials/testing/project/noota/app/workers/notes_bulk_destroyer.rb": [
        null,
        null,
        null,
        1,
        1,
        null,
        1,
        null,
        1,
        null,
        1,
        0,
        null,
        0,
        null,
        null,
        1,
        0,
        null,
        null
      ]
    },
    "timestamp": 1575233187
  }
}
